<?xml version="1.0" encoding="UTF-8"?>
<!-- Generated by org.testng.reporters.JUnitXMLReporter -->
<testsuite ignored="0" hostname="SRI-NB0234" failures="1" tests="3" name="Command line test" time="0.114" errors="0" timestamp="01 May 2020 12:42:20 GMT">
  <testcase classname="com.ism.testcases.LoginPageTest" name="@BeforeMethod setUp" time="0.1">
    <failure type="atu.testrecorder.exceptions.ATUTestRecorderException">
      <![CDATA[[ATU Test Recorder Exception] Directory "D:\ScriptVideos" does not exist.
	at atu.testrecorder.ATUTestRecorder.<init>(ATUTestRecorder.java:184)
	at com.ism.base.BaseTest.initialization(BaseTest.java:68)
	at com.ism.testcases.LoginPageTest.setUp(LoginPageTest.java:31)
	at com.ism.testcases.TestRunner.main(TestRunner.java:12)
... Removed 24 stack frames]]>
    </failure>
  </testcase> <!-- @BeforeMethod setUp -->
  <testcase classname="com.ism.testcases.LoginPageTest" name="@BeforeMethod setUp" time="0.0">
    <skipped/>
  </testcase> <!-- @BeforeMethod setUp -->
  <testcase classname="com.ism.testcases.LoginPageTest" name="languagePopup2" time="0.0">
    <skipped/>
  </testcase> <!-- languagePopup2 -->
  <testcase classname="com.ism.testcases.LoginPageTest" name="sucessfullyLogin2" time="0.0">
    <failure type="org.testng.TestNGException" message="
Parameter &amp;apos;username&amp;apos; is required by @Test on method sucessfullyLogin2 but has not been marked @Optional or defined
">
      <![CDATA[org.testng.TestNGException: 
Parameter 'username' is required by @Test on method sucessfullyLogin2 but has not been marked @Optional or defined

	at com.ism.testcases.TestRunner.main(TestRunner.java:12)
... Removed 20 stack frames]]>
    </failure>
  </testcase> <!-- sucessfullyLogin2 -->
  <testcase classname="com.ism.testcases.LoginPageTest" name="sucessfullyLogin" time="0.0">
    <skipped/>
  </testcase> <!-- sucessfullyLogin -->
</testsuite> <!-- Command line test -->
